<?xml version="1.0" encoding="utf-8" standalone="no"?>
<!--This file represents the results of running a test suite-->
<test-results name="Build\Nomad.Tests.dll" total="13" errors="0" failures="0" not-run="0" inconclusive="0" ignored="0" skipped="0" invalid="0" date="2010-09-26" time="13:34:01">
  <environment nunit-version="2.5.5.10112" clr-version="2.0.50727.4952" os-version="Microsoft Windows NT 6.1.7600.0" platform="Win32NT" cwd="D:\projekty\uczelnia-git\studia-inz" machine-name="FIREBALL" user="debug" user-domain="Fireball" />
  <culture-info current-culture="pl-PL" current-uiculture="pl-PL" />
  <test-suite type="Test Project" name="" executed="True" result="Success" success="True" time="13.375" asserts="0">
    <results>
      <test-suite type="Assembly" name="Build\Nomad.Tests.dll" executed="True" result="Success" success="True" time="13.029" asserts="0">
        <results>
          <test-suite type="Namespace" name="Nomad" executed="True" result="Success" success="True" time="12.979" asserts="0">
            <results>
              <test-suite type="SetUpFixture" name="Tests" executed="True" result="Success" success="True" time="12.979" asserts="0">
                <results>
                  <test-suite type="Namespace" name="FunctionalTests" executed="True" result="Success" success="True" time="12.829" asserts="0">
                    <results>
                      <test-suite type="Namespace" name="Modules" executed="True" result="Success" success="True" time="1.237" asserts="0">
                        <results>
                          <test-suite type="TestFixture" name="LoadingModules" executed="True" result="Success" success="True" time="0.613" asserts="0">
                            <categories>
                              <category name="FunctionalTests" />
                            </categories>
                            <properties>
                              <property name="Timeout" value="10000" />
                            </properties>
                            <results>
                              <test-case name="Nomad.Tests.FunctionalTests.Modules.LoadingModules.loads_all_modules_and_executes_their_bootstrapers" executed="True" result="Success" success="True" time="0.572" asserts="1" />
                              <test-case name="Nomad.Tests.FunctionalTests.Modules.LoadingModules.loads_all_modules_even_if_there_is_incorrect_file" executed="True" result="Success" success="True" time="0.010" asserts="1" />
                              <test-case name="Nomad.Tests.FunctionalTests.Modules.LoadingModules.loads_one_module_and_executes_its_bootstraper" executed="True" result="Success" success="True" time="0.002" asserts="1" />
                            </results>
                          </test-suite>
                          <test-suite type="TestFixture" name="LoadingModulesWithDependencies" executed="True" result="Success" success="True" time="0.616" asserts="0">
                            <categories>
                              <category name="FunctionalTests" />
                            </categories>
                            <results>
                              <test-case name="Nomad.Tests.FunctionalTests.Modules.LoadingModulesWithDependencies.loads_module_with_constructor_dependencies" executed="True" result="Success" success="True" time="0.552" asserts="1" />
                              <test-case name="Nomad.Tests.FunctionalTests.Modules.LoadingModulesWithDependencies.loads_module_with_property_dependencies" executed="True" result="Success" success="True" time="0.062" asserts="1" />
                            </results>
                          </test-suite>
                        </results>
                      </test-suite>
                      <test-suite type="Namespace" name="Regions" executed="True" result="Success" success="True" time="11.459" asserts="0">
                        <results>
                          <test-suite type="TestFixture" name="TabControlBehaviors" executed="True" result="Success" success="True" time="11.458" asserts="0">
                            <categories>
                              <category name="FunctionalTests" />
                            </categories>
                            <results>
                              <test-case name="Nomad.Tests.FunctionalTests.Regions.TabControlBehaviors.active_aware_view_is_notified_when_it_is_activated" executed="True" result="Success" success="True" time="2.810" asserts="2" />
                              <test-case name="Nomad.Tests.FunctionalTests.Regions.TabControlBehaviors.can_add_a_tab" executed="True" result="Success" success="True" time="0.140" asserts="1" />
                              <test-case name="Nomad.Tests.FunctionalTests.Regions.TabControlBehaviors.can_attach_region" executed="True" result="Success" success="True" time="0.000" asserts="1" />
                              <test-case name="Nomad.Tests.FunctionalTests.Regions.TabControlBehaviors.synchronizes_active_item_when_program_activates" executed="True" result="Success" success="True" time="0.020" asserts="1" />
                              <test-case name="Nomad.Tests.FunctionalTests.Regions.TabControlBehaviors.synchronizes_active_item_when_user_clicks" executed="True" result="Success" success="True" time="0.100" asserts="1" />
                            </results>
                          </test-suite>
                        </results>
                      </test-suite>
                      <test-suite type="Namespace" name="ServiceLocation" executed="True" result="Success" success="True" time="0.130" asserts="0">
                        <results>
                          <test-suite type="TestFixture" name="ServiceLocatorInModules" executed="True" result="Success" success="True" time="0.130" asserts="0">
                            <categories>
                              <category name="FunctionalTests" />
                            </categories>
                            <results>
                              <test-case name="Nomad.Tests.FunctionalTests.ServiceLocation.ServiceLocatorInModules.attempt_to_load_module_with_service_dependency_without_loading_this_dependency_earlier_results_in_exception_event" executed="True" result="Success" success="True" time="0.010" asserts="0" />
                              <test-case name="Nomad.Tests.FunctionalTests.ServiceLocation.ServiceLocatorInModules.attempt_to_register_by_two_modules_same_service_results_in_exception_event" executed="True" result="Success" success="True" time="0.060" asserts="0" />
                              <test-case name="Nomad.Tests.FunctionalTests.ServiceLocation.ServiceLocatorInModules.loading_module_with_service_provider_then_resolving_this_service_by_another_module" executed="True" result="Success" success="True" time="0.060" asserts="3" />
                            </results>
                          </test-suite>
                        </results>
                      </test-suite>
                    </results>
                  </test-suite>
                </results>
              </test-suite>
            </results>
          </test-suite>
        </results>
      </test-suite>
    </results>
  </test-suite>
</test-results>